<?xml version="1.0" encoding="UTF-8"?>
<!-- Generated by org.testng.reporters.JUnitXMLReporter -->
<testsuite ignored="0" hostname="DESKTOP-BS9BPRQ" failures="0" tests="3" name="Default test" time="50.573" errors="0" timestamp="2020-06-14T23:56:09 PDT">
  <testcase classname="login.Testcase_login" name="Testcase1" time="4.67"/>
  <testcase classname="login.Testcase_login" name="Testcase2" time="12.711"/>
  <testcase classname="login.Testcase_login" name="Testcase3" time="29.524"/>
</testsuite> <!-- Default test -->
