<?xml version="1.0" encoding="UTF-8"?>
<!-- Generated by org.testng.reporters.JUnitXMLReporter -->
<testsuite ignored="0" hostname="DESKTOP-BS9BPRQ" failures="0" tests="3" name="Test" time="39.29" errors="0" timestamp="2020-06-15T00:11:59 PDT">
  <testcase classname="login.Testcase_login" name="Testcase1" time="5.396"/>
  <testcase classname="login.Testcase_login" name="Testcase2" time="14.996"/>
  <testcase classname="login.Testcase_login" name="Testcase3" time="14.631"/>
</testsuite> <!-- Test -->
