<?xml version="1.0" encoding="UTF-8"?>
<testng-results ignored="0" total="3" passed="3" failed="0" skipped="0">
  <reporter-output>
  </reporter-output>
  <suite started-at="2020-06-15T00:11:20 PDT" name="Suite" finished-at="2020-06-15T00:11:59 PDT" duration-ms="39290">
    <groups>
    </groups>
    <test started-at="2020-06-15T00:11:20 PDT" name="Test" finished-at="2020-06-15T00:11:59 PDT" duration-ms="39290">
      <class name="login.Testcase_login">
        <test-method is-config="true" signature="start()[pri:0, instance:login.Testcase_login@6af93788]" started-at="2020-06-15T00:11:10 PDT" name="start" finished-at="2020-06-15T00:11:20 PDT" duration-ms="9837" status="PASS">
          <reporter-output>
          </reporter-output>
        </test-method> <!-- start -->
        <test-method is-config="true" signature="startTest()[pri:0, instance:login.Testcase_login@6af93788]" started-at="2020-06-15T00:11:20 PDT" name="startTest" finished-at="2020-06-15T00:11:21 PDT" duration-ms="1165" status="PASS">
          <reporter-output>
          </reporter-output>
        </test-method> <!-- startTest -->
        <test-method signature="Testcase1()[pri:0, instance:login.Testcase_login@6af93788]" started-at="2020-06-15T00:11:21 PDT" name="Testcase1" finished-at="2020-06-15T00:11:27 PDT" duration-ms="5396" status="PASS">
          <reporter-output>
          </reporter-output>
        </test-method> <!-- Testcase1 -->
        <test-method is-config="true" signature="endTest()[pri:0, instance:login.Testcase_login@6af93788]" started-at="2020-06-15T00:11:27 PDT" name="endTest" finished-at="2020-06-15T00:11:27 PDT" duration-ms="192" status="PASS">
          <reporter-output>
          </reporter-output>
        </test-method> <!-- endTest -->
        <test-method is-config="true" signature="startTest()[pri:0, instance:login.Testcase_login@6af93788]" started-at="2020-06-15T00:11:27 PDT" name="startTest" finished-at="2020-06-15T00:11:27 PDT" duration-ms="237" status="PASS">
          <reporter-output>
          </reporter-output>
        </test-method> <!-- startTest -->
        <test-method signature="Testcase2()[pri:0, instance:login.Testcase_login@6af93788]" started-at="2020-06-15T00:11:27 PDT" name="Testcase2" finished-at="2020-06-15T00:11:42 PDT" duration-ms="14996" status="PASS">
          <reporter-output>
          </reporter-output>
        </test-method> <!-- Testcase2 -->
        <test-method is-config="true" signature="endTest()[pri:0, instance:login.Testcase_login@6af93788]" started-at="2020-06-15T00:11:42 PDT" name="endTest" finished-at="2020-06-15T00:11:43 PDT" duration-ms="1072" status="PASS">
          <reporter-output>
          </reporter-output>
        </test-method> <!-- endTest -->
        <test-method is-config="true" signature="startTest()[pri:0, instance:login.Testcase_login@6af93788]" started-at="2020-06-15T00:11:43 PDT" name="startTest" finished-at="2020-06-15T00:11:43 PDT" duration-ms="174" status="PASS">
          <reporter-output>
          </reporter-output>
        </test-method> <!-- startTest -->
        <test-method signature="Testcase3()[pri:0, instance:login.Testcase_login@6af93788]" started-at="2020-06-15T00:11:43 PDT" name="Testcase3" finished-at="2020-06-15T00:11:58 PDT" duration-ms="14631" status="PASS">
          <reporter-output>
          </reporter-output>
        </test-method> <!-- Testcase3 -->
        <test-method is-config="true" signature="endTest()[pri:0, instance:login.Testcase_login@6af93788]" started-at="2020-06-15T00:11:58 PDT" name="endTest" finished-at="2020-06-15T00:11:59 PDT" duration-ms="1045" status="PASS">
          <reporter-output>
          </reporter-output>
        </test-method> <!-- endTest -->
        <test-method is-config="true" signature="teardown()[pri:0, instance:login.Testcase_login@6af93788]" started-at="2020-06-15T00:11:59 PDT" name="teardown" finished-at="2020-06-15T00:12:05 PDT" duration-ms="5904" status="PASS">
          <reporter-output>
          </reporter-output>
        </test-method> <!-- teardown -->
      </class> <!-- login.Testcase_login -->
    </test> <!-- Test -->
  </suite> <!-- Suite -->
</testng-results>
